# JRE version: Java(TM) SE Runtime Environment (8.0_151-b12) (build 1.8.0_151-b12)
# Java VM: Java HotSpot(TM) 64-Bit Server VM (25.151-b12 mixed mode linux-amd64 compressed oops)
Heap:
 PSYoungGen      total 274944K, used 207559K [0x00000000eab00000, 0x0000000100000000, 0x0000000100000000)
  eden space 196096K, 100% used [0x00000000eab00000,0x00000000f6a80000,0x00000000f6a80000)
  from space 78848K, 14% used [0x00000000fb300000,0x00000000fbe31d50,0x0000000100000000)
  to   space 74240K, 1% used [0x00000000f6a80000,0x00000000f6b98000,0x00000000fb300000)
 ParOldGen       total 348672K, used 200556K [0x00000000c0000000, 0x00000000d5480000, 0x00000000eab00000)
  object space 348672K, 57% used [0x00000000c0000000,0x00000000cc3db248,0x00000000d5480000)
 Metaspace       used 85823K, capacity 90502K, committed 90752K, reserved 1128448K
  class space    used 10671K, capacity 11574K, committed 11648K, reserved 1048576K
GC Heap History (10 events):
Event: 3684.533 GC heap after
Heap after GC invocations=92 (full 11):
 PSYoungGen      total 296448K, used 44518K [0x00000000eab00000, 0x0000000100000000, 0x0000000100000000)
  eden space 251904K, 0% used [0x00000000eab00000,0x00000000eab00000,0x00000000fa100000)
  from space 44544K, 99% used [0x00000000fa100000,0x00000000fcc79b68,0x00000000fcc80000)
  to   space 52736K, 0% used [0x00000000fcc80000,0x00000000fcc80000,0x0000000100000000)
 ParOldGen       total 200192K, used 146270K [0x00000000c0000000, 0x00000000cc380000, 0x00000000eab00000)
  object space 200192K, 73% used [0x00000000c0000000,0x00000000c8ed7818,0x00000000cc380000)
 Metaspace       used 85669K, capacity 90434K, committed 90496K, reserved 1128448K
  class space    used 10656K, capacity 11589K, committed 11648K, reserved 1048576K
}
Event: 3685.650 GC heap before
{Heap before GC invocations=93 (full 11):
 PSYoungGen      total 296448K, used 296422K [0x00000000eab00000, 0x0000000100000000, 0x0000000100000000)
  eden space 251904K, 100% used [0x00000000eab00000,0x00000000fa100000,0x00000000fa100000)
  from space 44544K, 99% used [0x00000000fa100000,0x00000000fcc79b68,0x00000000fcc80000)
  to   space 52736K, 0% used [0x00000000fcc80000,0x00000000fcc80000,0x0000000100000000)
 ParOldGen       total 200192K, used 146270K [0x00000000c0000000, 0x00000000cc380000, 0x00000000eab00000)
  object space 200192K, 73% used [0x00000000c0000000,0x00000000c8ed7818,0x00000000cc380000)
 Metaspace       used 85889K, capacity 90658K, committed 90752K, reserved 1128448K
  class space    used 10686K, capacity 11621K, committed 11648K, reserved 1048576K
Event: 3685.776 GC heap after
Heap after GC invocations=93 (full 11):
 PSYoungGen      total 249344K, used 52712K [0x00000000eab00000, 0x0000000100000000, 0x0000000100000000)
  eden space 196608K, 0% used [0x00000000eab00000,0x00000000eab00000,0x00000000f6b00000)
  from space 52736K, 99% used [0x00000000fcc80000,0x00000000ffffa3b8,0x0000000100000000)
  to   space 76288K, 0% used [0x00000000f6b00000,0x00000000f6b00000,0x00000000fb580000)
 ParOldGen       total 200192K, used 164038K [0x00000000c0000000, 0x00000000cc380000, 0x00000000eab00000)
  object space 200192K, 81% used [0x00000000c0000000,0x00000000ca0318b8,0x00000000cc380000)
 Metaspace       used 85889K, capacity 90658K, committed 90752K, reserved 1128448K
  class space    used 10686K, capacity 11621K, committed 11648K, reserved 1048576K
}
Event: 3686.015 GC heap before
{Heap before GC invocations=94 (full 11):
 PSYoungGen      total 249344K, used 249320K [0x00000000eab00000, 0x0000000100000000, 0x0000000100000000)
  eden space 196608K, 100% used [0x00000000eab00000,0x00000000f6b00000,0x00000000f6b00000)
  from space 52736K, 99% used [0x00000000fcc80000,0x00000000ffffa3b8,0x0000000100000000)
  to   space 76288K, 0% used [0x00000000f6b00000,0x00000000f6b00000,0x00000000fb580000)
 ParOldGen       total 200192K, used 164038K [0x00000000c0000000, 0x00000000cc380000, 0x00000000eab00000)
  object space 200192K, 81% used [0x00000000c0000000,0x00000000ca0318b8,0x00000000cc380000)
 Metaspace       used 85892K, capacity 90658K, committed 90752K, reserved 1128448K
  class space    used 10686K, capacity 11621K, committed 11648K, reserved 1048576K
Event: 3686.093 GC heap after
Heap after GC invocations=94 (full 11):
 PSYoungGen      total 244224K, used 47612K [0x00000000eab00000, 0x0000000100000000, 0x0000000100000000)
  eden space 196608K, 0% used [0x00000000eab00000,0x00000000eab00000,0x00000000f6b00000)
  from space 47616K, 99% used [0x00000000f6b00000,0x00000000f997f0c0,0x00000000f9980000)
  to   space 78848K, 0% used [0x00000000fb300000,0x00000000fb300000,0x0000000100000000)
 ParOldGen       total 200192K, used 172429K [0x00000000c0000000, 0x00000000cc380000, 0x00000000eab00000)
  object space 200192K, 86% used [0x00000000c0000000,0x00000000ca863468,0x00000000cc380000)
 Metaspace       used 85892K, capacity 90658K, committed 90752K, reserved 1128448K
  class space    used 10686K, capacity 11621K, committed 11648K, reserved 1048576K
}
Event: 3686.376 GC heap before
{Heap before GC invocations=95 (full 11):
 PSYoungGen      total 244224K, used 244220K [0x00000000eab00000, 0x0000000100000000, 0x0000000100000000)
  eden space 196608K, 100% used [0x00000000eab00000,0x00000000f6b00000,0x00000000f6b00000)
  from space 47616K, 99% used [0x00000000f6b00000,0x00000000f997f0c0,0x00000000f9980000)
  to   space 78848K, 0% used [0x00000000fb300000,0x00000000fb300000,0x0000000100000000)
 ParOldGen       total 200192K, used 172429K [0x00000000c0000000, 0x00000000cc380000, 0x00000000eab00000)
  object space 200192K, 86% used [0x00000000c0000000,0x00000000ca863468,0x00000000cc380000)
 Metaspace       used 85892K, capacity 90658K, committed 90752K, reserved 1128448K
  class space    used 10686K, capacity 11621K, committed 11648K, reserved 1048576K
Event: 3686.468 GC heap after
Heap after GC invocations=95 (full 11):
 PSYoungGen      total 274944K, used 27936K [0x00000000eab00000, 0x0000000100000000, 0x0000000100000000)
  eden space 196096K, 0% used [0x00000000eab00000,0x00000000eab00000,0x00000000f6a80000)
  from space 78848K, 35% used [0x00000000fb300000,0x00000000fce48000,0x0000000100000000)
  to   space 74240K, 0% used [0x00000000f6a80000,0x00000000f6a80000,0x00000000fb300000)
 ParOldGen       total 200192K, used 196972K [0x00000000c0000000, 0x00000000cc380000, 0x00000000eab00000)
  object space 200192K, 98% used [0x00000000c0000000,0x00000000cc05b0f0,0x00000000cc380000)
 Metaspace       used 85892K, capacity 90658K, committed 90752K, reserved 1128448K
  class space    used 10686K, capacity 11621K, committed 11648K, reserved 1048576K
}
Event: 3686.468 GC heap before
{Heap before GC invocations=96 (full 12):
 PSYoungGen      total 274944K, used 27936K [0x00000000eab00000, 0x0000000100000000, 0x0000000100000000)
  eden space 196096K, 0% used [0x00000000eab00000,0x00000000eab00000,0x00000000f6a80000)
  from space 78848K, 35% used [0x00000000fb300000,0x00000000fce48000,0x0000000100000000)
  to   space 74240K, 0% used [0x00000000f6a80000,0x00000000f6a80000,0x00000000fb300000)
 ParOldGen       total 200192K, used 196972K [0x00000000c0000000, 0x00000000cc380000, 0x00000000eab00000)
  object space 200192K, 98% used [0x00000000c0000000,0x00000000cc05b0f0,0x00000000cc380000)
 Metaspace       used 85892K, capacity 90658K, committed 90752K, reserved 1128448K
  class space    used 10686K, capacity 11621K, committed 11648K, reserved 1048576K
Event: 3688.585 GC heap after
Heap after GC invocations=96 (full 12):
 PSYoungGen      total 274944K, used 11463K [0x00000000eab00000, 0x0000000100000000, 0x0000000100000000)
  eden space 196096K, 0% used [0x00000000eab00000,0x00000000eab00000,0x00000000f6a80000)
  from space 78848K, 14% used [0x00000000fb300000,0x00000000fbe31d50,0x0000000100000000)
  to   space 74240K, 0% used [0x00000000f6a80000,0x00000000f6a80000,0x00000000fb300000)
 ParOldGen       total 348672K, used 200092K [0x00000000c0000000, 0x00000000d5480000, 0x00000000eab00000)
  object space 348672K, 57% used [0x00000000c0000000,0x00000000cc367248,0x00000000d5480000)
 Metaspace       used 85821K, capacity 90502K, committed 90752K, reserved 1128448K
  class space    used 10671K, capacity 11574K, committed 11648K, reserved 1048576K
}
Event: 3688.860 GC heap before
{Heap before GC invocations=97 (full 12):
 PSYoungGen      total 274944K, used 207559K [0x00000000eab00000, 0x0000000100000000, 0x0000000100000000)
  eden space 196096K, 100% used [0x00000000eab00000,0x00000000f6a80000,0x00000000f6a80000)
  from space 78848K, 14% used [0x00000000fb300000,0x00000000fbe31d50,0x0000000100000000)
  to   space 74240K, 0% used [0x00000000f6a80000,0x00000000f6a80000,0x00000000fb300000)
 ParOldGen       total 348672K, used 200092K [0x00000000c0000000, 0x00000000d5480000, 0x00000000eab00000)
  object space 348672K, 57% used [0x00000000c0000000,0x00000000cc367248,0x00000000d5480000)
 Metaspace       used 85823K, capacity 90502K, committed 90752K, reserved 1128448K
  class space    used 10671K, capacity 11574K, committed 11648K, reserved 1048576K

