# JRE version: Java(TM) SE Runtime Environment (8.0_151-b12) (build 1.8.0_151-b12)
# Java VM: Java HotSpot(TM) 64-Bit Server VM (25.151-b12 mixed mode linux-amd64 compressed oops)
Heap:
 PSYoungGen      total 533504K, used 49656K [0x000000076ab00000, 0x0000000791780000, 0x00000007c0000000)
  eden space 483840K, 0% used [0x000000076ab00000,0x000000076ab00000,0x0000000788380000)
  from space 49664K, 99% used [0x0000000788500000,0x000000078b57e048,0x000000078b580000)
  to   space 75776K, 0% used [0x000000078cd80000,0x000000078cd80000,0x0000000791780000)
 ParOldGen       total 158720K, used 130138K [0x00000006c0000000, 0x00000006c9b00000, 0x000000076ab00000)
  object space 158720K, 81% used [0x00000006c0000000,0x00000006c7f169c0,0x00000006c9b00000)
 Metaspace       used 6651K, capacity 7320K, committed 7680K, reserved 1056768K
  class space    used 630K, capacity 656K, committed 768K, reserved 1048576K
GC Heap History (10 events):
Event: 4.048 GC heap after
Heap after GC invocations=6 (full 0):
 PSYoungGen      total 273408K, used 22030K [0x000000076ab00000, 0x000000077d700000, 0x00000007c0000000)
  eden space 250368K, 0% used [0x000000076ab00000,0x000000076ab00000,0x0000000779f80000)
  from space 23040K, 95% used [0x000000077b980000,0x000000077cf03a50,0x000000077d000000)
  to   space 26624K, 0% used [0x0000000779f80000,0x0000000779f80000,0x000000077b980000)
 ParOldGen       total 84992K, used 42953K [0x00000006c0000000, 0x00000006c5300000, 0x000000076ab00000)
  object space 84992K, 50% used [0x00000006c0000000,0x00000006c29f24a8,0x00000006c5300000)
 Metaspace       used 6454K, capacity 7192K, committed 7424K, reserved 1056768K
  class space    used 629K, capacity 656K, committed 768K, reserved 1048576K
}
Event: 5.580 GC heap before
{Heap before GC invocations=7 (full 0):
 PSYoungGen      total 273408K, used 272398K [0x000000076ab00000, 0x000000077d700000, 0x00000007c0000000)
  eden space 250368K, 100% used [0x000000076ab00000,0x0000000779f80000,0x0000000779f80000)
  from space 23040K, 95% used [0x000000077b980000,0x000000077cf03a50,0x000000077d000000)
  to   space 26624K, 0% used [0x0000000779f80000,0x0000000779f80000,0x000000077b980000)
 ParOldGen       total 84992K, used 42953K [0x00000006c0000000, 0x00000006c5300000, 0x000000076ab00000)
  object space 84992K, 50% used [0x00000006c0000000,0x00000006c29f24a8,0x00000006c5300000)
 Metaspace       used 6552K, capacity 7256K, committed 7424K, reserved 1056768K
  class space    used 629K, capacity 656K, committed 768K, reserved 1048576K
Event: 5.742 GC heap after
Heap after GC invocations=7 (full 0):
 PSYoungGen      total 276992K, used 26608K [0x000000076ab00000, 0x000000078e800000, 0x00000007c0000000)
  eden space 250368K, 0% used [0x000000076ab00000,0x000000076ab00000,0x0000000779f80000)
  from space 26624K, 99% used [0x0000000779f80000,0x000000077b97c080,0x000000077b980000)
  to   space 43008K, 0% used [0x000000078be00000,0x000000078be00000,0x000000078e800000)
 ParOldGen       total 84992K, used 67863K [0x00000006c0000000, 0x00000006c5300000, 0x000000076ab00000)
  object space 84992K, 79% used [0x00000006c0000000,0x00000006c4245f30,0x00000006c5300000)
 Metaspace       used 6552K, capacity 7256K, committed 7424K, reserved 1056768K
  class space    used 629K, capacity 656K, committed 768K, reserved 1048576K
}
Event: 5.742 GC heap before
{Heap before GC invocations=8 (full 1):
 PSYoungGen      total 276992K, used 26608K [0x000000076ab00000, 0x000000078e800000, 0x00000007c0000000)
  eden space 250368K, 0% used [0x000000076ab00000,0x000000076ab00000,0x0000000779f80000)
  from space 26624K, 99% used [0x0000000779f80000,0x000000077b97c080,0x000000077b980000)
  to   space 43008K, 0% used [0x000000078be00000,0x000000078be00000,0x000000078e800000)
 ParOldGen       total 84992K, used 67863K [0x00000006c0000000, 0x00000006c5300000, 0x000000076ab00000)
  object space 84992K, 79% used [0x00000006c0000000,0x00000006c4245f30,0x00000006c5300000)
 Metaspace       used 6552K, capacity 7256K, committed 7424K, reserved 1056768K
  class space    used 629K, capacity 656K, committed 768K, reserved 1048576K
Event: 6.483 GC heap after
Heap after GC invocations=8 (full 1):
 PSYoungGen      total 276992K, used 3547K [0x000000076ab00000, 0x000000078e800000, 0x00000007c0000000)
  eden space 250368K, 0% used [0x000000076ab00000,0x000000076ab00000,0x0000000779f80000)
  from space 26624K, 13% used [0x0000000779f80000,0x000000077a2f6fc0,0x000000077b980000)
  to   space 43008K, 0% used [0x000000078be00000,0x000000078be00000,0x000000078e800000)
 ParOldGen       total 158720K, used 84970K [0x00000006c0000000, 0x00000006c9b00000, 0x000000076ab00000)
  object space 158720K, 53% used [0x00000006c0000000,0x00000006c52faaa0,0x00000006c9b00000)
 Metaspace       used 6552K, capacity 7256K, committed 7424K, reserved 1056768K
  class space    used 629K, capacity 656K, committed 768K, reserved 1048576K
}
Event: 7.850 GC heap before
{Heap before GC invocations=9 (full 1):
 PSYoungGen      total 276992K, used 253915K [0x000000076ab00000, 0x000000078e800000, 0x00000007c0000000)
  eden space 250368K, 100% used [0x000000076ab00000,0x0000000779f80000,0x0000000779f80000)
  from space 26624K, 13% used [0x0000000779f80000,0x000000077a2f6fc0,0x000000077b980000)
  to   space 43008K, 0% used [0x000000078be00000,0x000000078be00000,0x000000078e800000)
 ParOldGen       total 158720K, used 84970K [0x00000006c0000000, 0x00000006c9b00000, 0x000000076ab00000)
  object space 158720K, 53% used [0x00000006c0000000,0x00000006c52faaa0,0x00000006c9b00000)
 Metaspace       used 6607K, capacity 7256K, committed 7424K, reserved 1056768K
  class space    used 630K, capacity 656K, committed 768K, reserved 1048576K
Event: 8.098 GC heap after
Heap after GC invocations=9 (full 1):
 PSYoungGen      total 408576K, used 40886K [0x000000076ab00000, 0x000000078e600000, 0x00000007c0000000)
  eden space 367616K, 0% used [0x000000076ab00000,0x000000076ab00000,0x0000000781200000)
  from space 40960K, 99% used [0x000000078be00000,0x000000078e5edb60,0x000000078e600000)
  to   space 49664K, 0% used [0x0000000788500000,0x0000000788500000,0x000000078b580000)
 ParOldGen       total 158720K, used 84994K [0x00000006c0000000, 0x00000006c9b00000, 0x000000076ab00000)
  object space 158720K, 53% used [0x00000006c0000000,0x00000006c5300aa0,0x00000006c9b00000)
 Metaspace       used 6607K, capacity 7256K, committed 7424K, reserved 1056768K
  class space    used 630K, capacity 656K, committed 768K, reserved 1048576K
}
Event: 11.369 GC heap before
{Heap before GC invocations=10 (full 1):
 PSYoungGen      total 408576K, used 408502K [0x000000076ab00000, 0x000000078e600000, 0x00000007c0000000)
  eden space 367616K, 100% used [0x000000076ab00000,0x0000000781200000,0x0000000781200000)
  from space 40960K, 99% used [0x000000078be00000,0x000000078e5edb60,0x000000078e600000)
  to   space 49664K, 0% used [0x0000000788500000,0x0000000788500000,0x000000078b580000)
 ParOldGen       total 158720K, used 84994K [0x00000006c0000000, 0x00000006c9b00000, 0x000000076ab00000)
  object space 158720K, 53% used [0x00000006c0000000,0x00000006c5300aa0,0x00000006c9b00000)
 Metaspace       used 6651K, capacity 7320K, committed 7680K, reserved 1056768K
  class space    used 630K, capacity 656K, committed 768K, reserved 1048576K
Event: 12.210 GC heap after
Heap after GC invocations=10 (full 1):
 PSYoungGen      total 533504K, used 49656K [0x000000076ab00000, 0x0000000791780000, 0x00000007c0000000)
  eden space 483840K, 0% used [0x000000076ab00000,0x000000076ab00000,0x0000000788380000)
  from space 49664K, 99% used [0x0000000788500000,0x000000078b57e048,0x000000078b580000)
  to   space 75776K, 0% used [0x000000078cd80000,0x000000078cd80000,0x0000000791780000)
 ParOldGen       total 158720K, used 130138K [0x00000006c0000000, 0x00000006c9b00000, 0x000000076ab00000)
  object space 158720K, 81% used [0x00000006c0000000,0x00000006c7f169c0,0x00000006c9b00000)
 Metaspace       used 6651K, capacity 7320K, committed 7680K, reserved 1056768K
  class space    used 630K, capacity 656K, committed 768K, reserved 1048576K
}
Event: 12.210 GC heap before
{Heap before GC invocations=11 (full 2):
 PSYoungGen      total 533504K, used 49656K [0x000000076ab00000, 0x0000000791780000, 0x00000007c0000000)
  eden space 483840K, 0% used [0x000000076ab00000,0x000000076ab00000,0x0000000788380000)
  from space 49664K, 99% used [0x0000000788500000,0x000000078b57e048,0x000000078b580000)
  to   space 75776K, 0% used [0x000000078cd80000,0x000000078cd80000,0x0000000791780000)
 ParOldGen       total 158720K, used 130138K [0x00000006c0000000, 0x00000006c9b00000, 0x000000076ab00000)
  object space 158720K, 81% used [0x00000006c0000000,0x00000006c7f169c0,0x00000006c9b00000)
 Metaspace       used 6651K, capacity 7320K, committed 7680K, reserved 1056768K
  class space    used 630K, capacity 656K, committed 768K, reserved 1048576K

