# JRE version: Java(TM) SE Runtime Environment (8.0_151-b12) (build 1.8.0_151-b12)
# Java VM: Java HotSpot(TM) 64-Bit Server VM (25.151-b12 mixed mode linux-amd64 compressed oops)
Heap:
 PSYoungGen      total 756736K, used 728067K [0x000000076ab00000, 0x00000007ace00000, 0x00000007c0000000)
  eden space 578560K, 100% used [0x000000076ab00000,0x000000078e000000,0x000000078e000000)
  from space 178176K, 83% used [0x000000078e000000,0x0000000797200fa0,0x0000000798e00000)
  to   space 197632K, 21% used [0x00000007a0d00000,0x00000007a36dd5f8,0x00000007ace00000)
 ParOldGen       total 575488K, used 375409K [0x00000006c0000000, 0x00000006e3200000, 0x000000076ab00000)
  object space 575488K, 65% used [0x00000006c0000000,0x00000006d6e9c438,0x00000006e3200000)
 Metaspace       used 6709K, capacity 7320K, committed 7680K, reserved 1056768K
  class space    used 633K, capacity 656K, committed 768K, reserved 1048576K
GC Heap History (10 events):
Event: 32.354 GC heap after
Heap after GC invocations=14 (full 2):
 PSYoungGen      total 627200K, used 119034K [0x000000076ab00000, 0x000000079cb00000, 0x00000007c0000000)
  eden space 488960K, 0% used [0x000000076ab00000,0x000000076ab00000,0x0000000788880000)
  from space 138240K, 86% used [0x0000000792000000,0x000000079943eb30,0x000000079a700000)
  to   space 155136K, 0% used [0x0000000788880000,0x0000000788880000,0x0000000792000000)
 ParOldGen       total 380416K, used 289905K [0x00000006c0000000, 0x00000006d7380000, 0x000000076ab00000)
  object space 380416K, 76% used [0x00000006c0000000,0x00000006d1b1c5f8,0x00000006d7380000)
 Metaspace       used 6700K, capacity 7320K, committed 7680K, reserved 1056768K
  class space    used 633K, capacity 656K, committed 768K, reserved 1048576K
}
Event: 33.913 GC heap before
{Heap before GC invocations=15 (full 2):
 PSYoungGen      total 627200K, used 607994K [0x000000076ab00000, 0x000000079cb00000, 0x00000007c0000000)
  eden space 488960K, 100% used [0x000000076ab00000,0x0000000788880000,0x0000000788880000)
  from space 138240K, 86% used [0x0000000792000000,0x000000079943eb30,0x000000079a700000)
  to   space 155136K, 0% used [0x0000000788880000,0x0000000788880000,0x0000000792000000)
 ParOldGen       total 380416K, used 289905K [0x00000006c0000000, 0x00000006d7380000, 0x000000076ab00000)
  object space 380416K, 76% used [0x00000006c0000000,0x00000006d1b1c5f8,0x00000006d7380000)
 Metaspace       used 6702K, capacity 7320K, committed 7680K, reserved 1056768K
  class space    used 633K, capacity 656K, committed 768K, reserved 1048576K
Event: 34.266 GC heap after
Heap after GC invocations=15 (full 2):
 PSYoungGen      total 644096K, used 155104K [0x000000076ab00000, 0x00000007a5780000, 0x00000007c0000000)
  eden space 488960K, 0% used [0x000000076ab00000,0x000000076ab00000,0x0000000788880000)
  from space 155136K, 99% used [0x0000000788880000,0x0000000791ff8200,0x0000000792000000)
  to   space 188928K, 0% used [0x0000000799f00000,0x0000000799f00000,0x00000007a5780000)
 ParOldGen       total 380416K, used 309914K [0x00000006c0000000, 0x00000006d7380000, 0x000000076ab00000)
  object space 380416K, 81% used [0x00000006c0000000,0x00000006d2ea6838,0x00000006d7380000)
 Metaspace       used 6702K, capacity 7320K, committed 7680K, reserved 1056768K
  class space    used 633K, capacity 656K, committed 768K, reserved 1048576K
}
Event: 34.266 GC heap before
{Heap before GC invocations=16 (full 3):
 PSYoungGen      total 644096K, used 155104K [0x000000076ab00000, 0x00000007a5780000, 0x00000007c0000000)
  eden space 488960K, 0% used [0x000000076ab00000,0x000000076ab00000,0x0000000788880000)
  from space 155136K, 99% used [0x0000000788880000,0x0000000791ff8200,0x0000000792000000)
  to   space 188928K, 0% used [0x0000000799f00000,0x0000000799f00000,0x00000007a5780000)
 ParOldGen       total 380416K, used 309914K [0x00000006c0000000, 0x00000006d7380000, 0x000000076ab00000)
  object space 380416K, 81% used [0x00000006c0000000,0x00000006d2ea6838,0x00000006d7380000)
 Metaspace       used 6702K, capacity 7320K, committed 7680K, reserved 1056768K
  class space    used 633K, capacity 656K, committed 768K, reserved 1048576K
Event: 37.615 GC heap after
Heap after GC invocations=16 (full 3):
 PSYoungGen      total 644096K, used 0K [0x000000076ab00000, 0x00000007a5780000, 0x00000007c0000000)
  eden space 488960K, 0% used [0x000000076ab00000,0x000000076ab00000,0x0000000788880000)
  from space 155136K, 0% used [0x0000000788880000,0x0000000788880000,0x0000000792000000)
  to   space 188928K, 0% used [0x0000000799f00000,0x0000000799f00000,0x00000007a5780000)
 ParOldGen       total 575488K, used 375401K [0x00000006c0000000, 0x00000006e3200000, 0x000000076ab00000)
  object space 575488K, 65% used [0x00000006c0000000,0x00000006d6e9a438,0x00000006e3200000)
 Metaspace       used 6702K, capacity 7320K, committed 7680K, reserved 1056768K
  class space    used 633K, capacity 656K, committed 768K, reserved 1048576K
}
Event: 40.370 GC heap before
{Heap before GC invocations=17 (full 3):
 PSYoungGen      total 644096K, used 488960K [0x000000076ab00000, 0x00000007a5780000, 0x00000007c0000000)
  eden space 488960K, 100% used [0x000000076ab00000,0x0000000788880000,0x0000000788880000)
  from space 155136K, 0% used [0x0000000788880000,0x0000000788880000,0x0000000792000000)
  to   space 188928K, 0% used [0x0000000799f00000,0x0000000799f00000,0x00000007a5780000)
 ParOldGen       total 575488K, used 375401K [0x00000006c0000000, 0x00000006e3200000, 0x000000076ab00000)
  object space 575488K, 65% used [0x00000006c0000000,0x00000006d6e9a438,0x00000006e3200000)
 Metaspace       used 6704K, capacity 7320K, committed 7680K, reserved 1056768K
  class space    used 633K, capacity 656K, committed 768K, reserved 1048576K
Event: 40.540 GC heap after
Heap after GC invocations=17 (full 3):
 PSYoungGen      total 739328K, used 60990K [0x000000076ab00000, 0x00000007a3c00000, 0x00000007c0000000)
  eden space 578560K, 0% used [0x000000076ab00000,0x000000076ab00000,0x000000078e000000)
  from space 160768K, 37% used [0x0000000799f00000,0x000000079da8f9c8,0x00000007a3c00000)
  to   space 178176K, 0% used [0x000000078e000000,0x000000078e000000,0x0000000798e00000)
 ParOldGen       total 575488K, used 375409K [0x00000006c0000000, 0x00000006e3200000, 0x000000076ab00000)
  object space 575488K, 65% used [0x00000006c0000000,0x00000006d6e9c438,0x00000006e3200000)
 Metaspace       used 6704K, capacity 7320K, committed 7680K, reserved 1056768K
  class space    used 633K, capacity 656K, committed 768K, reserved 1048576K
}
Event: 42.510 GC heap before
{Heap before GC invocations=18 (full 3):
 PSYoungGen      total 739328K, used 639550K [0x000000076ab00000, 0x00000007a3c00000, 0x00000007c0000000)
  eden space 578560K, 100% used [0x000000076ab00000,0x000000078e000000,0x000000078e000000)
  from space 160768K, 37% used [0x0000000799f00000,0x000000079da8f9c8,0x00000007a3c00000)
  to   space 178176K, 0% used [0x000000078e000000,0x000000078e000000,0x0000000798e00000)
 ParOldGen       total 575488K, used 375409K [0x00000006c0000000, 0x00000006e3200000, 0x000000076ab00000)
  object space 575488K, 65% used [0x00000006c0000000,0x00000006d6e9c438,0x00000006e3200000)
 Metaspace       used 6707K, capacity 7320K, committed 7680K, reserved 1056768K
  class space    used 633K, capacity 656K, committed 768K, reserved 1048576K
Event: 42.752 GC heap after
Heap after GC invocations=18 (full 3):
 PSYoungGen      total 756736K, used 149507K [0x000000076ab00000, 0x00000007ace00000, 0x00000007c0000000)
  eden space 578560K, 0% used [0x000000076ab00000,0x000000076ab00000,0x000000078e000000)
  from space 178176K, 83% used [0x000000078e000000,0x0000000797200fa0,0x0000000798e00000)
  to   space 197632K, 0% used [0x00000007a0d00000,0x00000007a0d00000,0x00000007ace00000)
 ParOldGen       total 575488K, used 375409K [0x00000006c0000000, 0x00000006e3200000, 0x000000076ab00000)
  object space 575488K, 65% used [0x00000006c0000000,0x00000006d6e9c438,0x00000006e3200000)
 Metaspace       used 6707K, capacity 7320K, committed 7680K, reserved 1056768K
  class space    used 633K, capacity 656K, committed 768K, reserved 1048576K
}
Event: 45.313 GC heap before
{Heap before GC invocations=19 (full 3):
 PSYoungGen      total 756736K, used 728067K [0x000000076ab00000, 0x00000007ace00000, 0x00000007c0000000)
  eden space 578560K, 100% used [0x000000076ab00000,0x000000078e000000,0x000000078e000000)
  from space 178176K, 83% used [0x000000078e000000,0x0000000797200fa0,0x0000000798e00000)
  to   space 197632K, 0% used [0x00000007a0d00000,0x00000007a0d00000,0x00000007ace00000)
 ParOldGen       total 575488K, used 375409K [0x00000006c0000000, 0x00000006e3200000, 0x000000076ab00000)
  object space 575488K, 65% used [0x00000006c0000000,0x00000006d6e9c438,0x00000006e3200000)
 Metaspace       used 6709K, capacity 7320K, committed 7680K, reserved 1056768K
  class space    used 633K, capacity 656K, committed 768K, reserved 1048576K

