# JRE version: Java(TM) SE Runtime Environment (8.0_151-b12) (build 1.8.0_151-b12)
# Java VM: Java HotSpot(TM) 64-Bit Server VM (25.151-b12 mixed mode linux-amd64 compressed oops)
Heap:
 PSYoungGen      total 536576K, used 89068K [0x000000076ab00000, 0x000000079ec00000, 0x00000007c0000000)
  eden space 447488K, 0% used [0x000000076ab00000,0x000000076ab00000,0x0000000786000000)
  from space 89088K, 99% used [0x0000000786000000,0x000000078b6fb338,0x000000078b700000)
  to   space 168448K, 0% used [0x0000000794780000,0x0000000794780000,0x000000079ec00000)
 ParOldGen       total 358400K, used 357725K [0x00000006c0000000, 0x00000006d5e00000, 0x000000076ab00000)
  object space 358400K, 99% used [0x00000006c0000000,0x00000006d5d57468,0x00000006d5e00000)
 Metaspace       used 6675K, capacity 7320K, committed 7680K, reserved 1056768K
  class space    used 632K, capacity 656K, committed 768K, reserved 1048576K
GC Heap History (10 events):
Event: 7.732 GC heap after
Heap after GC invocations=9 (full 1):
 PSYoungGen      total 393728K, used 40754K [0x000000076ab00000, 0x000000078e700000, 0x00000007c0000000)
  eden space 352768K, 0% used [0x000000076ab00000,0x000000076ab00000,0x0000000780380000)
  from space 40960K, 99% used [0x000000078bf00000,0x000000078e6ccb98,0x000000078e700000)
  to   space 49152K, 0% used [0x0000000788700000,0x0000000788700000,0x000000078b700000)
 ParOldGen       total 160256K, used 84968K [0x00000006c0000000, 0x00000006c9c80000, 0x000000076ab00000)
  object space 160256K, 53% used [0x00000006c0000000,0x00000006c52fa188,0x00000006c9c80000)
 Metaspace       used 6621K, capacity 7320K, committed 7680K, reserved 1056768K
  class space    used 630K, capacity 656K, committed 768K, reserved 1048576K
}
Event: 9.133 GC heap before
{Heap before GC invocations=10 (full 1):
 PSYoungGen      total 393728K, used 393522K [0x000000076ab00000, 0x000000078e700000, 0x00000007c0000000)
  eden space 352768K, 100% used [0x000000076ab00000,0x0000000780380000,0x0000000780380000)
  from space 40960K, 99% used [0x000000078bf00000,0x000000078e6ccb98,0x000000078e700000)
  to   space 49152K, 0% used [0x0000000788700000,0x0000000788700000,0x000000078b700000)
 ParOldGen       total 160256K, used 84968K [0x00000006c0000000, 0x00000006c9c80000, 0x000000076ab00000)
  object space 160256K, 53% used [0x00000006c0000000,0x00000006c52fa188,0x00000006c9c80000)
 Metaspace       used 6645K, capacity 7320K, committed 7680K, reserved 1056768K
  class space    used 630K, capacity 656K, committed 768K, reserved 1048576K
Event: 9.298 GC heap after
Heap after GC invocations=10 (full 1):
 PSYoungGen      total 496128K, used 49144K [0x000000076ab00000, 0x000000078f180000, 0x00000007c0000000)
  eden space 446976K, 0% used [0x000000076ab00000,0x000000076ab00000,0x0000000785f80000)
  from space 49152K, 99% used [0x0000000788700000,0x000000078b6fe150,0x000000078b700000)
  to   space 59904K, 0% used [0x000000078b700000,0x000000078b700000,0x000000078f180000)
 ParOldGen       total 160256K, used 128449K [0x00000006c0000000, 0x00000006c9c80000, 0x000000076ab00000)
  object space 160256K, 80% used [0x00000006c0000000,0x00000006c7d70650,0x00000006c9c80000)
 Metaspace       used 6645K, capacity 7320K, committed 7680K, reserved 1056768K
  class space    used 630K, capacity 656K, committed 768K, reserved 1048576K
}
Event: 9.298 GC heap before
{Heap before GC invocations=11 (full 2):
 PSYoungGen      total 496128K, used 49144K [0x000000076ab00000, 0x000000078f180000, 0x00000007c0000000)
  eden space 446976K, 0% used [0x000000076ab00000,0x000000076ab00000,0x0000000785f80000)
  from space 49152K, 99% used [0x0000000788700000,0x000000078b6fe150,0x000000078b700000)
  to   space 59904K, 0% used [0x000000078b700000,0x000000078b700000,0x000000078f180000)
 ParOldGen       total 160256K, used 128449K [0x00000006c0000000, 0x00000006c9c80000, 0x000000076ab00000)
  object space 160256K, 80% used [0x00000006c0000000,0x00000006c7d70650,0x00000006c9c80000)
 Metaspace       used 6645K, capacity 7320K, committed 7680K, reserved 1056768K
  class space    used 630K, capacity 656K, committed 768K, reserved 1048576K
Event: 10.478 GC heap after
Heap after GC invocations=11 (full 2):
 PSYoungGen      total 496128K, used 14812K [0x000000076ab00000, 0x000000078f180000, 0x00000007c0000000)
  eden space 446976K, 0% used [0x000000076ab00000,0x000000076ab00000,0x0000000785f80000)
  from space 49152K, 30% used [0x0000000788700000,0x0000000789577260,0x000000078b700000)
  to   space 59904K, 0% used [0x000000078b700000,0x000000078b700000,0x000000078f180000)
 ParOldGen       total 285184K, used 159923K [0x00000006c0000000, 0x00000006d1680000, 0x000000076ab00000)
  object space 285184K, 56% used [0x00000006c0000000,0x00000006c9c2cc68,0x00000006d1680000)
 Metaspace       used 6645K, capacity 7320K, committed 7680K, reserved 1056768K
  class space    used 630K, capacity 656K, committed 768K, reserved 1048576K
}
Event: 13.120 GC heap before
{Heap before GC invocations=12 (full 2):
 PSYoungGen      total 496128K, used 461788K [0x000000076ab00000, 0x000000078f180000, 0x00000007c0000000)
  eden space 446976K, 100% used [0x000000076ab00000,0x0000000785f80000,0x0000000785f80000)
  from space 49152K, 30% used [0x0000000788700000,0x0000000789577260,0x000000078b700000)
  to   space 59904K, 0% used [0x000000078b700000,0x000000078b700000,0x000000078f180000)
 ParOldGen       total 285184K, used 159923K [0x00000006c0000000, 0x00000006d1680000, 0x000000076ab00000)
  object space 285184K, 56% used [0x00000006c0000000,0x00000006c9c2cc68,0x00000006d1680000)
 Metaspace       used 6663K, capacity 7320K, committed 7680K, reserved 1056768K
  class space    used 631K, capacity 656K, committed 768K, reserved 1048576K
Event: 13.386 GC heap after
Heap after GC invocations=12 (full 2):
 PSYoungGen      total 507392K, used 59872K [0x000000076ab00000, 0x0000000795380000, 0x00000007c0000000)
  eden space 447488K, 0% used [0x000000076ab00000,0x000000076ab00000,0x0000000786000000)
  from space 59904K, 99% used [0x000000078b700000,0x000000078f1783e0,0x000000078f180000)
  to   space 89088K, 0% used [0x0000000786000000,0x0000000786000000,0x000000078b700000)
 ParOldGen       total 285184K, used 182171K [0x00000006c0000000, 0x00000006d1680000, 0x000000076ab00000)
  object space 285184K, 63% used [0x00000006c0000000,0x00000006cb1e6de0,0x00000006d1680000)
 Metaspace       used 6663K, capacity 7320K, committed 7680K, reserved 1056768K
  class space    used 631K, capacity 656K, committed 768K, reserved 1048576K
}
Event: 20.065 GC heap before
{Heap before GC invocations=13 (full 2):
 PSYoungGen      total 507392K, used 507360K [0x000000076ab00000, 0x0000000795380000, 0x00000007c0000000)
  eden space 447488K, 100% used [0x000000076ab00000,0x0000000786000000,0x0000000786000000)
  from space 59904K, 99% used [0x000000078b700000,0x000000078f1783e0,0x000000078f180000)
  to   space 89088K, 0% used [0x0000000786000000,0x0000000786000000,0x000000078b700000)
 ParOldGen       total 285184K, used 182171K [0x00000006c0000000, 0x00000006d1680000, 0x000000076ab00000)
  object space 285184K, 63% used [0x00000006c0000000,0x00000006cb1e6de0,0x00000006d1680000)
 Metaspace       used 6675K, capacity 7320K, committed 7680K, reserved 1056768K
  class space    used 632K, capacity 656K, committed 768K, reserved 1048576K
Event: 20.436 GC heap after
Heap after GC invocations=13 (full 2):
 PSYoungGen      total 536576K, used 89068K [0x000000076ab00000, 0x000000079ec00000, 0x00000007c0000000)
  eden space 447488K, 0% used [0x000000076ab00000,0x000000076ab00000,0x0000000786000000)
  from space 89088K, 99% used [0x0000000786000000,0x000000078b6fb338,0x000000078b700000)
  to   space 168448K, 0% used [0x0000000794780000,0x0000000794780000,0x000000079ec00000)
 ParOldGen       total 358400K, used 357725K [0x00000006c0000000, 0x00000006d5e00000, 0x000000076ab00000)
  object space 358400K, 99% used [0x00000006c0000000,0x00000006d5d57468,0x00000006d5e00000)
 Metaspace       used 6675K, capacity 7320K, committed 7680K, reserved 1056768K
  class space    used 632K, capacity 656K, committed 768K, reserved 1048576K
}
Event: 20.436 GC heap before
{Heap before GC invocations=14 (full 3):
 PSYoungGen      total 536576K, used 89068K [0x000000076ab00000, 0x000000079ec00000, 0x00000007c0000000)
  eden space 447488K, 0% used [0x000000076ab00000,0x000000076ab00000,0x0000000786000000)
  from space 89088K, 99% used [0x0000000786000000,0x000000078b6fb338,0x000000078b700000)
  to   space 168448K, 0% used [0x0000000794780000,0x0000000794780000,0x000000079ec00000)
 ParOldGen       total 358400K, used 357725K [0x00000006c0000000, 0x00000006d5e00000, 0x000000076ab00000)
  object space 358400K, 99% used [0x00000006c0000000,0x00000006d5d57468,0x00000006d5e00000)
 Metaspace       used 6675K, capacity 7320K, committed 7680K, reserved 1056768K
  class space    used 632K, capacity 656K, committed 768K, reserved 1048576K

