# JRE version: Java(TM) SE Runtime Environment (8.0_151-b12) (build 1.8.0_151-b12)
# Java VM: Java HotSpot(TM) 64-Bit Server VM (25.151-b12 mixed mode linux-amd64 compressed oops)
Heap:
 PSYoungGen      total 1135104K, used 85528K [0x000000076ab00000, 0x00000007c0000000, 0x00000007c0000000)
  eden space 924672K, 0% used [0x000000076ab00000,0x000000076ab00000,0x00000007a3200000)
  from space 210432K, 40% used [0x00000007a3200000,0x00000007a8586118,0x00000007aff80000)
  to   space 218112K, 0% used [0x00000007b2b00000,0x00000007b2b00000,0x00000007c0000000)
 ParOldGen       total 647168K, used 647045K [0x00000006c0000000, 0x00000006e7800000, 0x000000076ab00000)
  object space 647168K, 99% used [0x00000006c0000000,0x00000006e77e1620,0x00000006e7800000)
 Metaspace       used 6680K, capacity 7320K, committed 7680K, reserved 1056768K
  class space    used 632K, capacity 656K, committed 768K, reserved 1048576K
GC Heap History (10 events):
Event: 34.424 GC heap after
Heap after GC invocations=17 (full 3):
 PSYoungGen      total 894464K, used 96859K [0x000000076ab00000, 0x00000007af000000, 0x00000007c0000000)
  eden space 685056K, 0% used [0x000000076ab00000,0x000000076ab00000,0x0000000794800000)
  from space 209408K, 46% used [0x00000007a2380000,0x00000007a8216e08,0x00000007af000000)
  to   space 217088K, 0% used [0x0000000794800000,0x0000000794800000,0x00000007a1c00000)
 ParOldGen       total 543744K, used 458762K [0x00000006c0000000, 0x00000006e1300000, 0x000000076ab00000)
  object space 543744K, 84% used [0x00000006c0000000,0x00000006dc002b90,0x00000006e1300000)
 Metaspace       used 6671K, capacity 7320K, committed 7680K, reserved 1056768K
  class space    used 632K, capacity 656K, committed 768K, reserved 1048576K
}
Event: 34.424 GC heap before
{Heap before GC invocations=18 (full 4):
 PSYoungGen      total 894464K, used 96859K [0x000000076ab00000, 0x00000007af000000, 0x00000007c0000000)
  eden space 685056K, 0% used [0x000000076ab00000,0x000000076ab00000,0x0000000794800000)
  from space 209408K, 46% used [0x00000007a2380000,0x00000007a8216e08,0x00000007af000000)
  to   space 217088K, 0% used [0x0000000794800000,0x0000000794800000,0x00000007a1c00000)
 ParOldGen       total 543744K, used 458762K [0x00000006c0000000, 0x00000006e1300000, 0x000000076ab00000)
  object space 543744K, 84% used [0x00000006c0000000,0x00000006dc002b90,0x00000006e1300000)
 Metaspace       used 6671K, capacity 7320K, committed 7680K, reserved 1056768K
  class space    used 632K, capacity 656K, committed 768K, reserved 1048576K
Event: 37.066 GC heap after
Heap after GC invocations=18 (full 4):
 PSYoungGen      total 894464K, used 0K [0x000000076ab00000, 0x00000007af000000, 0x00000007c0000000)
  eden space 685056K, 0% used [0x000000076ab00000,0x000000076ab00000,0x0000000794800000)
  from space 209408K, 0% used [0x00000007a2380000,0x00000007a2380000,0x00000007af000000)
  to   space 217088K, 0% used [0x0000000794800000,0x0000000794800000,0x00000007a1c00000)
 ParOldGen       total 647168K, used 390814K [0x00000006c0000000, 0x00000006e7800000, 0x000000076ab00000)
  object space 647168K, 60% used [0x00000006c0000000,0x00000006d7da7800,0x00000006e7800000)
 Metaspace       used 6671K, capacity 7320K, committed 7680K, reserved 1056768K
  class space    used 632K, capacity 656K, committed 768K, reserved 1048576K
}
Event: 42.325 GC heap before
{Heap before GC invocations=19 (full 4):
 PSYoungGen      total 894464K, used 685056K [0x000000076ab00000, 0x00000007af000000, 0x00000007c0000000)
  eden space 685056K, 100% used [0x000000076ab00000,0x0000000794800000,0x0000000794800000)
  from space 209408K, 0% used [0x00000007a2380000,0x00000007a2380000,0x00000007af000000)
  to   space 217088K, 0% used [0x0000000794800000,0x0000000794800000,0x00000007a1c00000)
 ParOldGen       total 647168K, used 390814K [0x00000006c0000000, 0x00000006e7800000, 0x000000076ab00000)
  object space 647168K, 60% used [0x00000006c0000000,0x00000006d7da7800,0x00000006e7800000)
 Metaspace       used 6675K, capacity 7320K, committed 7680K, reserved 1056768K
  class space    used 632K, capacity 656K, committed 768K, reserved 1048576K
Event: 42.495 GC heap after
Heap after GC invocations=19 (full 4):
 PSYoungGen      total 902144K, used 107994K [0x000000076ab00000, 0x00000007bd100000, 0x00000007c0000000)
  eden space 685056K, 0% used [0x000000076ab00000,0x000000076ab00000,0x0000000794800000)
  from space 217088K, 49% used [0x0000000794800000,0x000000079b176b50,0x00000007a1c00000)
  to   space 213504K, 0% used [0x00000007b0080000,0x00000007b0080000,0x00000007bd100000)
 ParOldGen       total 647168K, used 390814K [0x00000006c0000000, 0x00000006e7800000, 0x000000076ab00000)
  object space 647168K, 60% used [0x00000006c0000000,0x00000006d7da7800,0x00000006e7800000)
 Metaspace       used 6675K, capacity 7320K, committed 7680K, reserved 1056768K
  class space    used 632K, capacity 656K, committed 768K, reserved 1048576K
}
Event: 44.631 GC heap before
{Heap before GC invocations=20 (full 4):
 PSYoungGen      total 902144K, used 793050K [0x000000076ab00000, 0x00000007bd100000, 0x00000007c0000000)
  eden space 685056K, 100% used [0x000000076ab00000,0x0000000794800000,0x0000000794800000)
  from space 217088K, 49% used [0x0000000794800000,0x000000079b176b50,0x00000007a1c00000)
  to   space 213504K, 0% used [0x00000007b0080000,0x00000007b0080000,0x00000007bd100000)
 ParOldGen       total 647168K, used 390814K [0x00000006c0000000, 0x00000006e7800000, 0x000000076ab00000)
  object space 647168K, 60% used [0x00000006c0000000,0x00000006d7da7800,0x00000006e7800000)
 Metaspace       used 6676K, capacity 7320K, committed 7680K, reserved 1056768K
  class space    used 632K, capacity 656K, committed 768K, reserved 1048576K
Event: 45.324 GC heap after
Heap after GC invocations=20 (full 4):
 PSYoungGen      total 1134080K, used 111490K [0x000000076ab00000, 0x00000007bcd00000, 0x00000007c0000000)
  eden space 924672K, 0% used [0x000000076ab00000,0x000000076ab00000,0x00000007a3200000)
  from space 209408K, 53% used [0x00000007b0080000,0x00000007b6d608d8,0x00000007bcd00000)
  to   space 210432K, 0% used [0x00000007a3200000,0x00000007a3200000,0x00000007aff80000)
 ParOldGen       total 647168K, used 494878K [0x00000006c0000000, 0x00000006e7800000, 0x000000076ab00000)
  object space 647168K, 76% used [0x00000006c0000000,0x00000006de347a68,0x00000006e7800000)
 Metaspace       used 6676K, capacity 7320K, committed 7680K, reserved 1056768K
  class space    used 632K, capacity 656K, committed 768K, reserved 1048576K
}
Event: 48.999 GC heap before
{Heap before GC invocations=21 (full 4):
 PSYoungGen      total 1134080K, used 1036162K [0x000000076ab00000, 0x00000007bcd00000, 0x00000007c0000000)
  eden space 924672K, 100% used [0x000000076ab00000,0x00000007a3200000,0x00000007a3200000)
  from space 209408K, 53% used [0x00000007b0080000,0x00000007b6d608d8,0x00000007bcd00000)
  to   space 210432K, 0% used [0x00000007a3200000,0x00000007a3200000,0x00000007aff80000)
 ParOldGen       total 647168K, used 494878K [0x00000006c0000000, 0x00000006e7800000, 0x000000076ab00000)
  object space 647168K, 76% used [0x00000006c0000000,0x00000006de347a68,0x00000006e7800000)
 Metaspace       used 6680K, capacity 7320K, committed 7680K, reserved 1056768K
  class space    used 632K, capacity 656K, committed 768K, reserved 1048576K
Event: 49.903 GC heap after
Heap after GC invocations=21 (full 4):
 PSYoungGen      total 1135104K, used 140894K [0x000000076ab00000, 0x00000007c0000000, 0x00000007c0000000)
  eden space 924672K, 0% used [0x000000076ab00000,0x000000076ab00000,0x00000007a3200000)
  from space 210432K, 66% used [0x00000007a3200000,0x00000007abb97b58,0x00000007aff80000)
  to   space 218112K, 0% used [0x00000007b2b00000,0x00000007b2b00000,0x00000007c0000000)
 ParOldGen       total 647168K, used 600544K [0x00000006c0000000, 0x00000006e7800000, 0x000000076ab00000)
  object space 647168K, 92% used [0x00000006c0000000,0x00000006e4a78208,0x00000006e7800000)
 Metaspace       used 6680K, capacity 7320K, committed 7680K, reserved 1056768K
  class space    used 632K, capacity 656K, committed 768K, reserved 1048576K
}
Event: 49.905 GC heap before
{Heap before GC invocations=22 (full 5):
 PSYoungGen      total 1135104K, used 140894K [0x000000076ab00000, 0x00000007c0000000, 0x00000007c0000000)
  eden space 924672K, 0% used [0x000000076ab00000,0x000000076ab00000,0x00000007a3200000)
  from space 210432K, 66% used [0x00000007a3200000,0x00000007abb97b58,0x00000007aff80000)
  to   space 218112K, 0% used [0x00000007b2b00000,0x00000007b2b00000,0x00000007c0000000)
 ParOldGen       total 647168K, used 600544K [0x00000006c0000000, 0x00000006e7800000, 0x000000076ab00000)
  object space 647168K, 92% used [0x00000006c0000000,0x00000006e4a78208,0x00000006e7800000)
 Metaspace       used 6680K, capacity 7320K, committed 7680K, reserved 1056768K
  class space    used 632K, capacity 656K, committed 768K, reserved 1048576K

