# JRE version: Java(TM) SE Runtime Environment (8.0_151-b12) (build 1.8.0_151-b12)
# Java VM: Java HotSpot(TM) 64-Bit Server VM (25.151-b12 mixed mode linux-amd64 compressed oops)
Heap:
 PSYoungGen      total 1057792K, used 49034K [0x000000076ab00000, 0x00000007b8380000, 0x00000007c0000000)
  eden space 861696K, 0% used [0x000000076ab00000,0x000000076ab00000,0x000000079f480000)
  from space 196096K, 25% used [0x00000007ab300000,0x00000007ae2e2810,0x00000007b7280000)
  to   space 195072K, 0% used [0x000000079f480000,0x000000079f480000,0x00000007ab300000)
 ParOldGen       total 783872K, used 783829K [0x00000006c0000000, 0x00000006efd80000, 0x000000076ab00000)
  object space 783872K, 99% used [0x00000006c0000000,0x00000006efd75728,0x00000006efd80000)
 Metaspace       used 6701K, capacity 7320K, committed 7680K, reserved 1056768K
  class space    used 632K, capacity 656K, committed 768K, reserved 1048576K
GC Heap History (10 events):
Event: 55.325 GC heap after
Heap after GC invocations=20 (full 4):
 PSYoungGen      total 681472K, used 681444K [0x000000076ab00000, 0x00000007a9880000, 0x00000007c0000000)
  eden space 560640K, 100% used [0x000000076ab00000,0x000000078ce80000,0x000000078ce80000)
  from space 120832K, 99% used [0x000000078ce80000,0x00000007944791c8,0x0000000794480000)
  to   space 164864K, 53% used [0x000000079f780000,0x00000007a4d970f8,0x00000007a9880000)
 ParOldGen       total 568320K, used 567647K [0x00000006c0000000, 0x00000006e2b00000, 0x000000076ab00000)
  object space 568320K, 99% used [0x00000006c0000000,0x00000006e2a57cf8,0x00000006e2b00000)
 Metaspace       used 6696K, capacity 7320K, committed 7680K, reserved 1056768K
  class space    used 631K, capacity 656K, committed 768K, reserved 1048576K
}
Event: 55.325 GC heap before
{Heap before GC invocations=21 (full 5):
 PSYoungGen      total 681472K, used 681444K [0x000000076ab00000, 0x00000007a9880000, 0x00000007c0000000)
  eden space 560640K, 100% used [0x000000076ab00000,0x000000078ce80000,0x000000078ce80000)
  from space 120832K, 99% used [0x000000078ce80000,0x00000007944791c8,0x0000000794480000)
  to   space 164864K, 53% used [0x000000079f780000,0x00000007a4d970f8,0x00000007a9880000)
 ParOldGen       total 568320K, used 567647K [0x00000006c0000000, 0x00000006e2b00000, 0x000000076ab00000)
  object space 568320K, 99% used [0x00000006c0000000,0x00000006e2a57cf8,0x00000006e2b00000)
 Metaspace       used 6696K, capacity 7320K, committed 7680K, reserved 1056768K
  class space    used 631K, capacity 656K, committed 768K, reserved 1048576K
Event: 60.587 GC heap after
Heap after GC invocations=21 (full 5):
 PSYoungGen      total 681472K, used 0K [0x000000076ab00000, 0x00000007a9880000, 0x00000007c0000000)
  eden space 560640K, 0% used [0x000000076ab00000,0x000000076ab00000,0x000000078ce80000)
  from space 120832K, 0% used [0x000000078ce80000,0x000000078ce80000,0x0000000794480000)
  to   space 164864K, 0% used [0x000000079f780000,0x000000079f780000,0x00000007a9880000)
 ParOldGen       total 783872K, used 561123K [0x00000006c0000000, 0x00000006efd80000, 0x000000076ab00000)
  object space 783872K, 71% used [0x00000006c0000000,0x00000006e23f8d08,0x00000006efd80000)
 Metaspace       used 6696K, capacity 7320K, committed 7680K, reserved 1056768K
  class space    used 631K, capacity 656K, committed 768K, reserved 1048576K
}
Event: 63.009 GC heap before
{Heap before GC invocations=22 (full 5):
 PSYoungGen      total 681472K, used 560640K [0x000000076ab00000, 0x00000007a9880000, 0x00000007c0000000)
  eden space 560640K, 100% used [0x000000076ab00000,0x000000078ce80000,0x000000078ce80000)
  from space 120832K, 0% used [0x000000078ce80000,0x000000078ce80000,0x0000000794480000)
  to   space 164864K, 0% used [0x000000079f780000,0x000000079f780000,0x00000007a9880000)
 ParOldGen       total 783872K, used 561123K [0x00000006c0000000, 0x00000006efd80000, 0x000000076ab00000)
  object space 783872K, 71% used [0x00000006c0000000,0x00000006e23f8d08,0x00000006efd80000)
 Metaspace       used 6696K, capacity 7320K, committed 7680K, reserved 1056768K
  class space    used 631K, capacity 656K, committed 768K, reserved 1048576K
Event: 63.133 GC heap after
Heap after GC invocations=22 (full 5):
 PSYoungGen      total 842240K, used 82555K [0x000000076ab00000, 0x00000007a8b00000, 0x00000007c0000000)
  eden space 691200K, 0% used [0x000000076ab00000,0x000000076ab00000,0x0000000794e00000)
  from space 151040K, 54% used [0x000000079f780000,0x00000007a481ed20,0x00000007a8b00000)
  to   space 162304K, 0% used [0x0000000794e00000,0x0000000794e00000,0x000000079ec80000)
 ParOldGen       total 783872K, used 561123K [0x00000006c0000000, 0x00000006efd80000, 0x000000076ab00000)
  object space 783872K, 71% used [0x00000006c0000000,0x00000006e23f8d08,0x00000006efd80000)
 Metaspace       used 6696K, capacity 7320K, committed 7680K, reserved 1056768K
  class space    used 631K, capacity 656K, committed 768K, reserved 1048576K
}
Event: 66.976 GC heap before
{Heap before GC invocations=23 (full 5):
 PSYoungGen      total 842240K, used 773755K [0x000000076ab00000, 0x00000007a8b00000, 0x00000007c0000000)
  eden space 691200K, 100% used [0x000000076ab00000,0x0000000794e00000,0x0000000794e00000)
  from space 151040K, 54% used [0x000000079f780000,0x00000007a481ed20,0x00000007a8b00000)
  to   space 162304K, 0% used [0x0000000794e00000,0x0000000794e00000,0x000000079ec80000)
 ParOldGen       total 783872K, used 561123K [0x00000006c0000000, 0x00000006efd80000, 0x000000076ab00000)
  object space 783872K, 71% used [0x00000006c0000000,0x00000006e23f8d08,0x00000006efd80000)
 Metaspace       used 6699K, capacity 7320K, committed 7680K, reserved 1056768K
  class space    used 631K, capacity 656K, committed 768K, reserved 1048576K
Event: 67.796 GC heap after
Heap after GC invocations=23 (full 5):
 PSYoungGen      total 853504K, used 162273K [0x000000076ab00000, 0x00000007b7280000, 0x00000007c0000000)
  eden space 691200K, 0% used [0x000000076ab00000,0x000000076ab00000,0x0000000794e00000)
  from space 162304K, 99% used [0x0000000794e00000,0x000000079ec784b0,0x000000079ec80000)
  to   space 196096K, 0% used [0x00000007ab300000,0x00000007ab300000,0x00000007b7280000)
 ParOldGen       total 783872K, used 579770K [0x00000006c0000000, 0x00000006efd80000, 0x000000076ab00000)
  object space 783872K, 73% used [0x00000006c0000000,0x00000006e362e800,0x00000006efd80000)
 Metaspace       used 6699K, capacity 7320K, committed 7680K, reserved 1056768K
  class space    used 631K, capacity 656K, committed 768K, reserved 1048576K
}
Event: 70.637 GC heap before
{Heap before GC invocations=24 (full 5):
 PSYoungGen      total 853504K, used 853473K [0x000000076ab00000, 0x00000007b7280000, 0x00000007c0000000)
  eden space 691200K, 100% used [0x000000076ab00000,0x0000000794e00000,0x0000000794e00000)
  from space 162304K, 99% used [0x0000000794e00000,0x000000079ec784b0,0x000000079ec80000)
  to   space 196096K, 0% used [0x00000007ab300000,0x00000007ab300000,0x00000007b7280000)
 ParOldGen       total 783872K, used 579770K [0x00000006c0000000, 0x00000006efd80000, 0x000000076ab00000)
  object space 783872K, 73% used [0x00000006c0000000,0x00000006e362e800,0x00000006efd80000)
 Metaspace       used 6701K, capacity 7320K, committed 7680K, reserved 1056768K
  class space    used 632K, capacity 656K, committed 768K, reserved 1048576K
Event: 71.662 GC heap after
Heap after GC invocations=24 (full 5):
 PSYoungGen      total 1057792K, used 105243K [0x000000076ab00000, 0x00000007b8380000, 0x00000007c0000000)
  eden space 861696K, 0% used [0x000000076ab00000,0x000000076ab00000,0x000000079f480000)
  from space 196096K, 53% used [0x00000007ab300000,0x00000007b19c6f50,0x00000007b7280000)
  to   space 195072K, 0% used [0x000000079f480000,0x000000079f480000,0x00000007ab300000)
 ParOldGen       total 783872K, used 742897K [0x00000006c0000000, 0x00000006efd80000, 0x000000076ab00000)
  object space 783872K, 94% used [0x00000006c0000000,0x00000006ed57c638,0x00000006efd80000)
 Metaspace       used 6701K, capacity 7320K, committed 7680K, reserved 1056768K
  class space    used 632K, capacity 656K, committed 768K, reserved 1048576K
}
Event: 71.679 GC heap before
{Heap before GC invocations=25 (full 6):
 PSYoungGen      total 1057792K, used 105243K [0x000000076ab00000, 0x00000007b8380000, 0x00000007c0000000)
  eden space 861696K, 0% used [0x000000076ab00000,0x000000076ab00000,0x000000079f480000)
  from space 196096K, 53% used [0x00000007ab300000,0x00000007b19c6f50,0x00000007b7280000)
  to   space 195072K, 0% used [0x000000079f480000,0x000000079f480000,0x00000007ab300000)
 ParOldGen       total 783872K, used 742897K [0x00000006c0000000, 0x00000006efd80000, 0x000000076ab00000)
  object space 783872K, 94% used [0x00000006c0000000,0x00000006ed57c638,0x00000006efd80000)
 Metaspace       used 6701K, capacity 7320K, committed 7680K, reserved 1056768K
  class space    used 632K, capacity 656K, committed 768K, reserved 1048576K

