# JRE version: Java(TM) SE Runtime Environment (8.0_151-b12) (build 1.8.0_151-b12)
# Java VM: Java HotSpot(TM) 64-Bit Server VM (25.151-b12 mixed mode linux-amd64 compressed oops)
Heap:
 PSYoungGen      total 642560K, used 26688K [0x000000076ab00000, 0x00000007a2a00000, 0x00000007c0000000)
  eden space 548352K, 0% used [0x000000076ab00000,0x000000076ab00000,0x000000078c280000)
  from space 94208K, 28% used [0x0000000795700000,0x0000000797110088,0x000000079b300000)
  to   space 152064K, 0% used [0x000000078c280000,0x000000078c280000,0x0000000795700000)
 ParOldGen       total 438272K, used 438157K [0x00000006c0000000, 0x00000006dac00000, 0x000000076ab00000)
  object space 438272K, 99% used [0x00000006c0000000,0x00000006dabe34b0,0x00000006dac00000)
 Metaspace       used 6658K, capacity 7320K, committed 7680K, reserved 1056768K
  class space    used 632K, capacity 656K, committed 768K, reserved 1048576K
GC Heap History (10 events):
Event: 21.690 GC heap after
Heap after GC invocations=11 (full 2):
 PSYoungGen      total 535040K, used 23933K [0x000000076ab00000, 0x0000000795100000, 0x00000007c0000000)
  eden space 484352K, 0% used [0x000000076ab00000,0x000000076ab00000,0x0000000788400000)
  from space 50688K, 47% used [0x0000000788400000,0x0000000789b5f7c8,0x000000078b580000)
  to   space 78336K, 0% used [0x0000000790480000,0x0000000790480000,0x0000000795100000)
 ParOldGen       total 270848K, used 155602K [0x00000006c0000000, 0x00000006d0880000, 0x000000076ab00000)
  object space 270848K, 57% used [0x00000006c0000000,0x00000006c97f4898,0x00000006d0880000)
 Metaspace       used 6625K, capacity 7320K, committed 7680K, reserved 1056768K
  class space    used 630K, capacity 656K, committed 768K, reserved 1048576K
}
Event: 26.440 GC heap before
{Heap before GC invocations=12 (full 2):
 PSYoungGen      total 535040K, used 508285K [0x000000076ab00000, 0x0000000795100000, 0x00000007c0000000)
  eden space 484352K, 100% used [0x000000076ab00000,0x0000000788400000,0x0000000788400000)
  from space 50688K, 47% used [0x0000000788400000,0x0000000789b5f7c8,0x000000078b580000)
  to   space 78336K, 0% used [0x0000000790480000,0x0000000790480000,0x0000000795100000)
 ParOldGen       total 270848K, used 155602K [0x00000006c0000000, 0x00000006d0880000, 0x000000076ab00000)
  object space 270848K, 57% used [0x00000006c0000000,0x00000006c97f4898,0x00000006d0880000)
 Metaspace       used 6646K, capacity 7320K, committed 7680K, reserved 1056768K
  class space    used 631K, capacity 656K, committed 768K, reserved 1048576K
Event: 27.058 GC heap after
Heap after GC invocations=12 (full 2):
 PSYoungGen      total 596480K, used 78319K [0x000000076ab00000, 0x0000000799c00000, 0x00000007c0000000)
  eden space 518144K, 0% used [0x000000076ab00000,0x000000076ab00000,0x000000078a500000)
  from space 78336K, 99% used [0x0000000790480000,0x00000007950fbe48,0x0000000795100000)
  to   space 97792K, 0% used [0x000000078a500000,0x000000078a500000,0x0000000790480000)
 ParOldGen       total 270848K, used 174025K [0x00000006c0000000, 0x00000006d0880000, 0x000000076ab00000)
  object space 270848K, 64% used [0x00000006c0000000,0x00000006ca9f2790,0x00000006d0880000)
 Metaspace       used 6646K, capacity 7320K, committed 7680K, reserved 1056768K
  class space    used 631K, capacity 656K, committed 768K, reserved 1048576K
}
Event: 33.270 GC heap before
{Heap before GC invocations=13 (full 2):
 PSYoungGen      total 596480K, used 596463K [0x000000076ab00000, 0x0000000799c00000, 0x00000007c0000000)
  eden space 518144K, 100% used [0x000000076ab00000,0x000000078a500000,0x000000078a500000)
  from space 78336K, 99% used [0x0000000790480000,0x00000007950fbe48,0x0000000795100000)
  to   space 97792K, 0% used [0x000000078a500000,0x000000078a500000,0x0000000790480000)
 ParOldGen       total 270848K, used 174025K [0x00000006c0000000, 0x00000006d0880000, 0x000000076ab00000)
  object space 270848K, 64% used [0x00000006c0000000,0x00000006ca9f2790,0x00000006d0880000)
 Metaspace       used 6655K, capacity 7320K, committed 7680K, reserved 1056768K
  class space    used 632K, capacity 656K, committed 768K, reserved 1048576K
Event: 33.615 GC heap after
Heap after GC invocations=13 (full 2):
 PSYoungGen      total 615936K, used 44251K [0x000000076ab00000, 0x000000079b300000, 0x00000007c0000000)
  eden space 518144K, 0% used [0x000000076ab00000,0x000000076ab00000,0x000000078a500000)
  from space 97792K, 45% used [0x000000078a500000,0x000000078d036e78,0x0000000790480000)
  to   space 94208K, 0% used [0x0000000795700000,0x0000000795700000,0x000000079b300000)
 ParOldGen       total 270848K, used 251882K [0x00000006c0000000, 0x00000006d0880000, 0x000000076ab00000)
  object space 270848K, 92% used [0x00000006c0000000,0x00000006cf5faba8,0x00000006d0880000)
 Metaspace       used 6655K, capacity 7320K, committed 7680K, reserved 1056768K
  class space    used 632K, capacity 656K, committed 768K, reserved 1048576K
}
Event: 33.615 GC heap before
{Heap before GC invocations=14 (full 3):
 PSYoungGen      total 615936K, used 44251K [0x000000076ab00000, 0x000000079b300000, 0x00000007c0000000)
  eden space 518144K, 0% used [0x000000076ab00000,0x000000076ab00000,0x000000078a500000)
  from space 97792K, 45% used [0x000000078a500000,0x000000078d036e78,0x0000000790480000)
  to   space 94208K, 0% used [0x0000000795700000,0x0000000795700000,0x000000079b300000)
 ParOldGen       total 270848K, used 251882K [0x00000006c0000000, 0x00000006d0880000, 0x000000076ab00000)
  object space 270848K, 92% used [0x00000006c0000000,0x00000006cf5faba8,0x00000006d0880000)
 Metaspace       used 6655K, capacity 7320K, committed 7680K, reserved 1056768K
  class space    used 632K, capacity 656K, committed 768K, reserved 1048576K
Event: 35.703 GC heap after
Heap after GC invocations=14 (full 3):
 PSYoungGen      total 615936K, used 18019K [0x000000076ab00000, 0x000000079b300000, 0x00000007c0000000)
  eden space 518144K, 0% used [0x000000076ab00000,0x000000076ab00000,0x000000078a500000)
  from space 97792K, 18% used [0x000000078a500000,0x000000078b698e08,0x0000000790480000)
  to   space 94208K, 0% used [0x0000000795700000,0x0000000795700000,0x000000079b300000)
 ParOldGen       total 438272K, used 270647K [0x00000006c0000000, 0x00000006dac00000, 0x000000076ab00000)
  object space 438272K, 61% used [0x00000006c0000000,0x00000006d084ded8,0x00000006dac00000)
 Metaspace       used 6655K, capacity 7320K, committed 7680K, reserved 1056768K
  class space    used 632K, capacity 656K, committed 768K, reserved 1048576K
}
Event: 40.671 GC heap before
{Heap before GC invocations=15 (full 3):
 PSYoungGen      total 615936K, used 536163K [0x000000076ab00000, 0x000000079b300000, 0x00000007c0000000)
  eden space 518144K, 100% used [0x000000076ab00000,0x000000078a500000,0x000000078a500000)
  from space 97792K, 18% used [0x000000078a500000,0x000000078b698e08,0x0000000790480000)
  to   space 94208K, 0% used [0x0000000795700000,0x0000000795700000,0x000000079b300000)
 ParOldGen       total 438272K, used 270647K [0x00000006c0000000, 0x00000006dac00000, 0x000000076ab00000)
  object space 438272K, 61% used [0x00000006c0000000,0x00000006d084ded8,0x00000006dac00000)
 Metaspace       used 6658K, capacity 7320K, committed 7680K, reserved 1056768K
  class space    used 632K, capacity 656K, committed 768K, reserved 1048576K
Event: 41.281 GC heap after
Heap after GC invocations=15 (full 3):
 PSYoungGen      total 642560K, used 94177K [0x000000076ab00000, 0x00000007a2a00000, 0x00000007c0000000)
  eden space 548352K, 0% used [0x000000076ab00000,0x000000076ab00000,0x000000078c280000)
  from space 94208K, 99% used [0x0000000795700000,0x000000079b2f86e8,0x000000079b300000)
  to   space 152064K, 0% used [0x000000078c280000,0x000000078c280000,0x0000000795700000)
 ParOldGen       total 438272K, used 386970K [0x00000006c0000000, 0x00000006dac00000, 0x000000076ab00000)
  object space 438272K, 88% used [0x00000006c0000000,0x00000006d79e6b38,0x00000006dac00000)
 Metaspace       used 6658K, capacity 7320K, committed 7680K, reserved 1056768K
  class space    used 632K, capacity 656K, committed 768K, reserved 1048576K
}
Event: 41.281 GC heap before
{Heap before GC invocations=16 (full 4):
 PSYoungGen      total 642560K, used 94177K [0x000000076ab00000, 0x00000007a2a00000, 0x00000007c0000000)
  eden space 548352K, 0% used [0x000000076ab00000,0x000000076ab00000,0x000000078c280000)
  from space 94208K, 99% used [0x0000000795700000,0x000000079b2f86e8,0x000000079b300000)
  to   space 152064K, 0% used [0x000000078c280000,0x000000078c280000,0x0000000795700000)
 ParOldGen       total 438272K, used 386970K [0x00000006c0000000, 0x00000006dac00000, 0x000000076ab00000)
  object space 438272K, 88% used [0x00000006c0000000,0x00000006d79e6b38,0x00000006dac00000)
 Metaspace       used 6658K, capacity 7320K, committed 7680K, reserved 1056768K
  class space    used 632K, capacity 656K, committed 768K, reserved 1048576K

