# JRE version: Java(TM) SE Runtime Environment (8.0_151-b12) (build 1.8.0_151-b12)
# Java VM: Java HotSpot(TM) 64-Bit Server VM (25.151-b12 mixed mode linux-amd64 compressed oops)
Heap:
 PSYoungGen      total 1044480K, used 226974K [0x000000076ab00000, 0x00000007c0000000, 0x00000007c0000000)
  eden space 817152K, 0% used [0x000000076ab00000,0x000000076ab00000,0x000000079c900000)
  from space 227328K, 99% used [0x000000079c900000,0x00000007aa6a79d8,0x00000007aa700000)
  to   space 313856K, 0% used [0x00000007acd80000,0x00000007acd80000,0x00000007c0000000)
 ParOldGen       total 625664K, used 577441K [0x00000006c0000000, 0x00000006e6300000, 0x000000076ab00000)
  object space 625664K, 92% used [0x00000006c0000000,0x00000006e33e8768,0x00000006e6300000)
 Metaspace       used 6671K, capacity 7320K, committed 7680K, reserved 1056768K
  class space    used 631K, capacity 656K, committed 768K, reserved 1048576K
GC Heap History (10 events):
Event: 32.092 GC heap after
Heap after GC invocations=17 (full 4):
 PSYoungGen      total 703488K, used 0K [0x000000076ab00000, 0x00000007ad500000, 0x00000007c0000000)
  eden space 577536K, 0% used [0x000000076ab00000,0x000000076ab00000,0x000000078df00000)
  from space 125952K, 0% used [0x000000078df00000,0x000000078df00000,0x0000000795a00000)
  to   space 182272K, 0% used [0x00000007a2300000,0x00000007a2300000,0x00000007ad500000)
 ParOldGen       total 625664K, used 392617K [0x00000006c0000000, 0x00000006e6300000, 0x000000076ab00000)
  object space 625664K, 62% used [0x00000006c0000000,0x00000006d7f6a470,0x00000006e6300000)
 Metaspace       used 6660K, capacity 7320K, committed 7680K, reserved 1056768K
  class space    used 631K, capacity 656K, committed 768K, reserved 1048576K
}
Event: 40.062 GC heap before
{Heap before GC invocations=18 (full 4):
 PSYoungGen      total 703488K, used 577536K [0x000000076ab00000, 0x00000007ad500000, 0x00000007c0000000)
  eden space 577536K, 100% used [0x000000076ab00000,0x000000078df00000,0x000000078df00000)
  from space 125952K, 0% used [0x000000078df00000,0x000000078df00000,0x0000000795a00000)
  to   space 182272K, 0% used [0x00000007a2300000,0x00000007a2300000,0x00000007ad500000)
 ParOldGen       total 625664K, used 392617K [0x00000006c0000000, 0x00000006e6300000, 0x000000076ab00000)
  object space 625664K, 62% used [0x00000006c0000000,0x00000006d7f6a470,0x00000006e6300000)
 Metaspace       used 6660K, capacity 7320K, committed 7680K, reserved 1056768K
  class space    used 631K, capacity 656K, committed 768K, reserved 1048576K
Event: 40.464 GC heap after
Heap after GC invocations=18 (full 4):
 PSYoungGen      total 891904K, used 139660K [0x000000076ab00000, 0x00000007aea00000, 0x00000007c0000000)
  eden space 709632K, 0% used [0x000000076ab00000,0x000000076ab00000,0x0000000796000000)
  from space 182272K, 76% used [0x00000007a2300000,0x00000007aab63248,0x00000007ad500000)
  to   space 199680K, 0% used [0x0000000796000000,0x0000000796000000,0x00000007a2300000)
 ParOldGen       total 625664K, used 392617K [0x00000006c0000000, 0x00000006e6300000, 0x000000076ab00000)
  object space 625664K, 62% used [0x00000006c0000000,0x00000006d7f6a470,0x00000006e6300000)
 Metaspace       used 6660K, capacity 7320K, committed 7680K, reserved 1056768K
  class space    used 631K, capacity 656K, committed 768K, reserved 1048576K
}
Event: 44.828 GC heap before
{Heap before GC invocations=19 (full 4):
 PSYoungGen      total 891904K, used 849292K [0x000000076ab00000, 0x00000007aea00000, 0x00000007c0000000)
  eden space 709632K, 100% used [0x000000076ab00000,0x0000000796000000,0x0000000796000000)
  from space 182272K, 76% used [0x00000007a2300000,0x00000007aab63248,0x00000007ad500000)
  to   space 199680K, 0% used [0x0000000796000000,0x0000000796000000,0x00000007a2300000)
 ParOldGen       total 625664K, used 392617K [0x00000006c0000000, 0x00000006e6300000, 0x000000076ab00000)
  object space 625664K, 62% used [0x00000006c0000000,0x00000006d7f6a470,0x00000006e6300000)
 Metaspace       used 6665K, capacity 7320K, committed 7680K, reserved 1056768K
  class space    used 631K, capacity 656K, committed 768K, reserved 1048576K
Event: 45.671 GC heap after
Heap after GC invocations=19 (full 4):
 PSYoungGen      total 909312K, used 171676K [0x000000076ab00000, 0x00000007bba80000, 0x00000007c0000000)
  eden space 709632K, 0% used [0x000000076ab00000,0x000000076ab00000,0x0000000796000000)
  from space 199680K, 85% used [0x0000000796000000,0x00000007a07a7000,0x00000007a2300000)
  to   space 224768K, 0% used [0x00000007adf00000,0x00000007adf00000,0x00000007bba80000)
 ParOldGen       total 625664K, used 392625K [0x00000006c0000000, 0x00000006e6300000, 0x000000076ab00000)
  object space 625664K, 62% used [0x00000006c0000000,0x00000006d7f6c470,0x00000006e6300000)
 Metaspace       used 6665K, capacity 7320K, committed 7680K, reserved 1056768K
  class space    used 631K, capacity 656K, committed 768K, reserved 1048576K
}
Event: 50.031 GC heap before
{Heap before GC invocations=20 (full 4):
 PSYoungGen      total 909312K, used 881308K [0x000000076ab00000, 0x00000007bba80000, 0x00000007c0000000)
  eden space 709632K, 100% used [0x000000076ab00000,0x0000000796000000,0x0000000796000000)
  from space 199680K, 85% used [0x0000000796000000,0x00000007a07a7000,0x00000007a2300000)
  to   space 224768K, 0% used [0x00000007adf00000,0x00000007adf00000,0x00000007bba80000)
 ParOldGen       total 625664K, used 392625K [0x00000006c0000000, 0x00000006e6300000, 0x000000076ab00000)
  object space 625664K, 62% used [0x00000006c0000000,0x00000006d7f6c470,0x00000006e6300000)
 Metaspace       used 6668K, capacity 7320K, committed 7680K, reserved 1056768K
  class space    used 631K, capacity 656K, committed 768K, reserved 1048576K
Event: 51.397 GC heap after
Heap after GC invocations=20 (full 4):
 PSYoungGen      total 1041920K, used 224766K [0x000000076ab00000, 0x00000007c0000000, 0x00000007c0000000)
  eden space 817152K, 0% used [0x000000076ab00000,0x000000076ab00000,0x000000079c900000)
  from space 224768K, 99% used [0x00000007adf00000,0x00000007bba7fb10,0x00000007bba80000)
  to   space 284672K, 0% used [0x000000079c900000,0x000000079c900000,0x00000007adf00000)
 ParOldGen       total 625664K, used 449100K [0x00000006c0000000, 0x00000006e6300000, 0x000000076ab00000)
  object space 625664K, 71% used [0x00000006c0000000,0x00000006db693308,0x00000006e6300000)
 Metaspace       used 6668K, capacity 7320K, committed 7680K, reserved 1056768K
  class space    used 631K, capacity 656K, committed 768K, reserved 1048576K
}
Event: 56.222 GC heap before
{Heap before GC invocations=21 (full 4):
 PSYoungGen      total 1041920K, used 1041918K [0x000000076ab00000, 0x00000007c0000000, 0x00000007c0000000)
  eden space 817152K, 100% used [0x000000076ab00000,0x000000079c900000,0x000000079c900000)
  from space 224768K, 99% used [0x00000007adf00000,0x00000007bba7fb10,0x00000007bba80000)
  to   space 284672K, 0% used [0x000000079c900000,0x000000079c900000,0x00000007adf00000)
 ParOldGen       total 625664K, used 449100K [0x00000006c0000000, 0x00000006e6300000, 0x000000076ab00000)
  object space 625664K, 71% used [0x00000006c0000000,0x00000006db693308,0x00000006e6300000)
 Metaspace       used 6671K, capacity 7320K, committed 7680K, reserved 1056768K
  class space    used 631K, capacity 656K, committed 768K, reserved 1048576K
Event: 57.426 GC heap after
Heap after GC invocations=21 (full 4):
 PSYoungGen      total 1044480K, used 226974K [0x000000076ab00000, 0x00000007c0000000, 0x00000007c0000000)
  eden space 817152K, 0% used [0x000000076ab00000,0x000000076ab00000,0x000000079c900000)
  from space 227328K, 99% used [0x000000079c900000,0x00000007aa6a79d8,0x00000007aa700000)
  to   space 313856K, 0% used [0x00000007acd80000,0x00000007acd80000,0x00000007c0000000)
 ParOldGen       total 625664K, used 577441K [0x00000006c0000000, 0x00000006e6300000, 0x000000076ab00000)
  object space 625664K, 92% used [0x00000006c0000000,0x00000006e33e8768,0x00000006e6300000)
 Metaspace       used 6671K, capacity 7320K, committed 7680K, reserved 1056768K
  class space    used 631K, capacity 656K, committed 768K, reserved 1048576K
}
Event: 57.426 GC heap before
{Heap before GC invocations=22 (full 5):
 PSYoungGen      total 1044480K, used 226974K [0x000000076ab00000, 0x00000007c0000000, 0x00000007c0000000)
  eden space 817152K, 0% used [0x000000076ab00000,0x000000076ab00000,0x000000079c900000)
  from space 227328K, 99% used [0x000000079c900000,0x00000007aa6a79d8,0x00000007aa700000)
  to   space 313856K, 0% used [0x00000007acd80000,0x00000007acd80000,0x00000007c0000000)
 ParOldGen       total 625664K, used 577441K [0x00000006c0000000, 0x00000006e6300000, 0x000000076ab00000)
  object space 625664K, 92% used [0x00000006c0000000,0x00000006e33e8768,0x00000006e6300000)
 Metaspace       used 6671K, capacity 7320K, committed 7680K, reserved 1056768K
  class space    used 631K, capacity 656K, committed 768K, reserved 1048576K

